<?xml version="1.0" encoding="UTF-8"?>
<!-- Generated by org.testng.reporters.JUnitXMLReporter -->
<testsuite hostname="DESKTOP-M021GP2" ignored="4" name="Test" tests="6" failures="0" timestamp="2023-05-24T21:28:59 EDT" time="0.059" errors="0">
  <testcase name="testB1" time="0.007" classname="demo_testng.OnlineMarket"/>
  <testcase name="testB2" time="0.001" classname="demo_testng.OnlineMarket"/>
  <testcase name="testB4" time="0.0" classname="demo_testng.OnlineMarket"/>
  <testcase name="testB5" time="0.001" classname="demo_testng.OnlineMarket"/>
  <testcase name="testA1" time="0.001" classname="demo_testng.BankingAppTest"/>
  <testcase name="testA2" time="0.001" classname="demo_testng.BankingAppTest"/>
  <testcase name="testB3" time="0.0" classname="demo_testng.OnlineMarket">
    <ignored/>
  </testcase> <!-- testB3 -->
  <testcase name="testA3" time="0.0" classname="demo_testng.BankingAppTest">
    <ignored/>
  </testcase> <!-- testA3 -->
  <testcase name="testA4" time="0.0" classname="demo_testng.BankingAppTest">
    <ignored/>
  </testcase> <!-- testA4 -->
  <testcase name="testA5" time="0.0" classname="demo_testng.BankingAppTest">
    <ignored/>
  </testcase> <!-- testA5 -->
</testsuite> <!-- Test -->
