<?xml version="1.0" encoding="UTF-8"?>
<!-- Generated by org.testng.reporters.JUnitXMLReporter -->
<testsuite hostname="DESKTOP-M021GP2" ignored="0" name="Banking app" tests="5" failures="0" timestamp="2023-06-05T20:53:36 EDT" time="0.054" errors="0">
  <testcase name="testB1" time="0.007" classname="demo_testng.OnlineMarket"/>
  <testcase name="testB2" time="0.001" classname="demo_testng.OnlineMarket"/>
  <testcase name="testB3" time="0.002" classname="demo_testng.OnlineMarket"/>
  <testcase name="testB4" time="0.001" classname="demo_testng.OnlineMarket"/>
  <testcase name="testB5" time="0.001" classname="demo_testng.OnlineMarket"/>
</testsuite> <!-- Banking app -->
