<?xml version="1.0" encoding="UTF-8"?>
<!-- Generated by org.testng.reporters.JUnitXMLReporter -->
<testsuite hostname="DESKTOP-M021GP2" ignored="6" name="Credit app" tests="4" failures="1" timestamp="2023-06-05T20:53:36 EDT" time="0.019" errors="0">
  <testcase name="test2" time="0.003" classname="demo_testng.DemoTestNG">
    <failure type="java.lang.AssertionError" message="null">
      <![CDATA[java.lang.AssertionError: null
at demo_testng.DemoTestNG.test2(DemoTestNG.java:16)
at java.util.ArrayList.forEach(Unknown Source)
... Removed 29 stack frames]]>
    </failure>
  </testcase> <!-- test2 -->
  <testcase name="test5" time="0.001" classname="demo_testng.DemoTestNG"/>
  <testcase name="testA1" time="0.001" classname="demo_testng.BankingAppTest"/>
  <testcase name="testA2" time="0.001" classname="demo_testng.BankingAppTest"/>
  <testcase name="test3" time="0.0" classname="demo_testng.DemoTestNG">
    <ignored/>
  </testcase> <!-- test3 -->
  <testcase name="test4" time="0.0" classname="demo_testng.DemoTestNG">
    <ignored/>
  </testcase> <!-- test4 -->
  <testcase name="testA3" time="0.0" classname="demo_testng.BankingAppTest">
    <ignored/>
  </testcase> <!-- testA3 -->
  <testcase name="test1" time="0.0" classname="demo_testng.DemoTestNG">
    <ignored/>
  </testcase> <!-- test1 -->
  <testcase name="testA4" time="0.0" classname="demo_testng.BankingAppTest">
    <ignored/>
  </testcase> <!-- testA4 -->
  <testcase name="testA5" time="0.0" classname="demo_testng.BankingAppTest">
    <ignored/>
  </testcase> <!-- testA5 -->
</testsuite> <!-- Credit app -->
