<?xml version="1.0" encoding="UTF-8"?>
<testng-results skipped="0" failed="0" ignored="0" total="1" passed="1">
  <reporter-output>
  </reporter-output>
  <suite name="Default suite" duration-ms="9198" started-at="2023-06-12T21:33:32 EDT" finished-at="2023-06-12T21:33:42 EDT">
    <groups>
    </groups>
    <test name="Default test" duration-ms="9198" started-at="2023-06-12T21:33:32 EDT" finished-at="2023-06-12T21:33:42 EDT">
      <class name="lesson23.HandleWindows">
        <test-method status="PASS" signature="setup()[pri:0, instance:lesson23.HandleWindows@69a3d1d]" name="setup" is-config="true" duration-ms="3451" started-at="2023-06-12T21:33:32 EDT" finished-at="2023-06-12T21:33:36 EDT">
          <reporter-output>
          </reporter-output>
        </test-method> <!-- setup -->
        <test-method status="PASS" signature="testWindows()[pri:0, instance:lesson23.HandleWindows@69a3d1d]" name="testWindows" duration-ms="5707" started-at="2023-06-12T21:33:36 EDT" finished-at="2023-06-12T21:33:42 EDT">
          <reporter-output>
          </reporter-output>
        </test-method> <!-- testWindows -->
      </class> <!-- lesson23.HandleWindows -->
    </test> <!-- Default test -->
  </suite> <!-- Default suite -->
</testng-results>
